<?xml version="1.0" encoding="UTF-8" ?>
<testsuite tests="20" failures="0" name="com.basic.datadrivenForGetSD.RunnerGETRequestTest" time="0.02" errors="0" skipped="0">
  <properties>
[...]
</properties>
  <testcase classname="| MRData.limit | 30 |" name="Given user start the rest asured test" time="0"/>
  <testcase classname="| MRData.limit | 30 |" name="When user hit the get request" time="0"/>
  <testcase classname="| MRData.limit | 30 |" name="Then user checks data at path &quot;MRData.limit&quot; having value &quot;30&quot; in jason" time="0"/>
  <testcase classname="| MRData.limit | 30 |" name="When user hit the get request" time="0"/>
  <testcase classname="| MRData.limit | 30 |" name="| MRData.limit | 30 |" time="0.008"/>
  <testcase classname="| MRData.CircuitTable.Circuits[0].circuitId | albert_park |" name="Given user start the rest asured test" time="0"/>
  <testcase classname="| MRData.CircuitTable.Circuits[0].circuitId | albert_park |" name="When user hit the get request" time="0.008"/>
  <testcase classname="| MRData.CircuitTable.Circuits[0].circuitId | albert_park |" name="Then user checks data at path &quot;MRData.CircuitTable.Circuits[0].circuitId&quot; having value &quot;albert_park&quot; in jason" time="0.001"/>
  <testcase classname="| MRData.CircuitTable.Circuits[0].circuitId | albert_park |" name="When user hit the get request" time="0"/>
  <testcase classname="| MRData.CircuitTable.Circuits[0].circuitId | albert_park |" name="| MRData.CircuitTable.Circuits[0].circuitId | albert_park |" time="0.001"/>
  <testcase classname="| MRData.CircuitTable.Circuits[10].circuitId | red_bull_ring |" name="Given user start the rest asured test" time="0"/>
  <testcase classname="| MRData.CircuitTable.Circuits[10].circuitId | red_bull_ring |" name="When user hit the get request" time="0"/>
  <testcase classname="| MRData.CircuitTable.Circuits[10].circuitId | red_bull_ring |" name="Then user checks data at path &quot;MRData.CircuitTable.Circuits[10].circuitId&quot; having value &quot;red_bull_ring&quot; in jason" time="0"/>
  <testcase classname="| MRData.CircuitTable.Circuits[10].circuitId | red_bull_ring |" name="When user hit the get request" time="0"/>
  <testcase classname="| MRData.CircuitTable.Circuits[10].circuitId | red_bull_ring |" name="| MRData.CircuitTable.Circuits[10].circuitId | red_bull_ring |" time="0.001"/>
  <testcase classname="| MRData.total | 20 |" name="Given user start the rest asured test" time="0"/>
  <testcase classname="| MRData.total | 20 |" name="When user hit the get request" time="0"/>
  <testcase classname="| MRData.total | 20 |" name="Then user checks data at path &quot;MRData.total&quot; having value &quot;20&quot; in jason" time="0"/>
  <testcase classname="| MRData.total | 20 |" name="When user hit the get request" time="0"/>
  <testcase classname="| MRData.total | 20 |" name="| MRData.total | 20 |" time="0.001"/>
</testsuite>